[debug] [2023-02-11T16:46:01.313Z] ----------------------------------------------------------------------
[debug] [2023-02-11T16:46:01.317Z] Command:       C:\Program Files\nodejs\node.exe C:\Users\ADIBA TASNIM\AppData\Roaming\npm\node_modules\firebase-tools\lib\bin\firebase.js init
[debug] [2023-02-11T16:46:01.317Z] CLI Version:   11.22.0
[debug] [2023-02-11T16:46:01.317Z] Platform:      win32
[debug] [2023-02-11T16:46:01.318Z] Node Version:  v16.16.0
[debug] [2023-02-11T16:46:01.319Z] Time:          Sat Feb 11 2023 22:46:01 GMT+0600 (Bangladesh Standard Time)
[debug] [2023-02-11T16:46:01.320Z] ----------------------------------------------------------------------
[debug] 
[debug] [2023-02-11T16:46:01.332Z] > command requires scopes: ["email","openid","https://www.googleapis.com/auth/cloudplatformprojects.readonly","https://www.googleapis.com/auth/firebase","https://www.googleapis.com/auth/cloud-platform"]
[debug] [2023-02-11T16:46:01.333Z] > authorizing via signed-in user (mdismail645221@gmail.com)
[info] 
     ######## #### ########  ######## ########     ###     ######  ########
     ##        ##  ##     ## ##       ##     ##  ##   ##  ##       ##
     ######    ##  ########  ######   ########  #########  ######  ######
     ##        ##  ##    ##  ##       ##     ## ##     ##       ## ##
     ##       #### ##     ## ######## ########  ##     ##  ######  ########

You're about to initialize a Firebase project in this directory:

  C:\job_task\ShopEase-assessment-client

Before we get started, keep in mind:

  * You are currently outside your home directory

[info] 
=== Project Setup
[info] 
[info] First, let's associate this project directory with a Firebase project.
[info] You can create multiple project aliases by running firebase use --add, 
[info] but for now we'll just set up a default project.
[info] 
[info] i  If you want to create a project in a Google Cloud organization or folder, please use "firebase projects:create" instead, and return to this command when you've created the project. 
[debug] [2023-02-11T16:46:43.382Z] ----------------------------------------------------------------------
[debug] [2023-02-11T16:46:43.386Z] Command:       C:\Program Files\nodejs\node.exe C:\Users\ADIBA TASNIM\AppData\Roaming\npm\node_modules\firebase-tools\lib\bin\firebase.js init
[debug] [2023-02-11T16:46:43.386Z] CLI Version:   11.22.0
[debug] [2023-02-11T16:46:43.387Z] Platform:      win32
[debug] [2023-02-11T16:46:43.387Z] Node Version:  v16.16.0
[debug] [2023-02-11T16:46:43.388Z] Time:          Sat Feb 11 2023 22:46:43 GMT+0600 (Bangladesh Standard Time)
[debug] [2023-02-11T16:46:43.388Z] ----------------------------------------------------------------------
[debug] 
[debug] [2023-02-11T16:46:43.400Z] > command requires scopes: ["email","openid","https://www.googleapis.com/auth/cloudplatformprojects.readonly","https://www.googleapis.com/auth/firebase","https://www.googleapis.com/auth/cloud-platform"]
[debug] [2023-02-11T16:46:43.401Z] > authorizing via signed-in user (mdismail645221@gmail.com)
[info] 
     ######## #### ########  ######## ########     ###     ######  ########
     ##        ##  ##     ## ##       ##     ##  ##   ##  ##       ##
     ######    ##  ########  ######   ########  #########  ######  ######
     ##        ##  ##    ##  ##       ##     ## ##     ##       ## ##
     ##       #### ##     ## ######## ########  ##     ##  ######  ########

You're about to initialize a Firebase project in this directory:

  C:\job_task\ShopEase-assessment-client

Before we get started, keep in mind:

  * You are currently outside your home directory

[info] 
=== Project Setup
[info] 
[info] First, let's associate this project directory with a Firebase project.
[info] You can create multiple project aliases by running firebase use --add, 
[info] but for now we'll just set up a default project.
[info] 
[debug] [2023-02-11T16:46:53.875Z] >>> [apiv2][query] GET https://firebase.googleapis.com/v1beta1/projects pageSize=100
[debug] [2023-02-11T16:46:55.319Z] <<< [apiv2][status] GET https://firebase.googleapis.com/v1beta1/projects 200
[debug] [2023-02-11T16:46:55.320Z] <<< [apiv2][body] GET https://firebase.googleapis.com/v1beta1/projects [omitted]
